<?xml version="1.0" encoding="UTF-8"?>
<!-- Generated by org.testng.reporters.JUnitReportReporter -->
<testsuite skipped="0" hostname="DESKTOP-F5BRIJ9" name="com.test.LoginTest" tests="1" failures="0" timestamp="2023-01-20T22:03:23 IST" time="34.055" errors="0">
  <testcase name="verifyTheLogingWithValidCredentials" time="34.055" classname="com.test.LoginTest"/>
  <system-out/>
</testsuite> <!-- com.test.LoginTest -->
